<Weather>
  <weather temp_max="">6</weather>
  <weather temp_min="">6</weather>
</Weather>